<?xml version="1.0" encoding="UTF-8"?>
<testng-results skipped="0" failed="0" ignored="0" total="1" passed="1">
  <reporter-output>
  </reporter-output>
  <suite name="Default suite" duration-ms="230087" started-at="2018-12-27T02:14:31Z" finished-at="2018-12-27T02:18:21Z">
    <groups>
    </groups>
    <test name="Default test" duration-ms="230087" started-at="2018-12-27T02:14:31Z" finished-at="2018-12-27T02:18:21Z">
      <class name="Gmailtest.Testing">
        <test-method status="PASS" signature="testing()[pri:0, instance:Gmailtest.Testing@7ce6a65d]" name="testing" duration-ms="230022" started-at="2018-12-27T09:14:31Z" finished-at="2018-12-27T09:18:21Z">
          <reporter-output>
          </reporter-output>
        </test-method> <!-- testing -->
      </class> <!-- Gmailtest.Testing -->
    </test> <!-- Default test -->
  </suite> <!-- Default suite -->
</testng-results>
